#
# There is insufficient memory for the Java Runtime Environment to continue.
# Native memory allocation (mmap) failed to map 266338304 bytes for Failed to commit area from 0x00000000e0000000 to 0x00000000efe00000 of length 266338304.
# Possible reasons:
#   The system is out of physical RAM or swap space
#   The process is running with CompressedOops enabled, and the Java Heap may be blocking the growth of the native heap
# Possible solutions:
#   Reduce memory load on the system
#   Increase physical memory or swap space
#   Check if swap backing store is full
#   Decrease Java heap size (-Xmx/-Xms)
#   Decrease number of Java threads
#   Decrease Java thread stack sizes (-Xss)
#   Set larger code cache with -XX:ReservedCodeCacheSize=
# This output file may be truncated or incomplete.
#
#  Out of Memory Error (./src/hotspot/os/windows/os_windows.cpp:3387), pid=5876, tid=35428
#
# JRE version:  (11.0.14.1+1) (build )
# Java VM: OpenJDK 64-Bit Server VM (11.0.14.1+1, mixed mode, sharing, tiered, compressed oops, g1 gc, windows-amd64)
# No core dump will be written. Minidumps are not enabled by default on client versions of Windows
#

---------------  S U M M A R Y ------------

Command Line: -Dorg.gradle.internal.worker.tmpdir=E:\Project\eclipse-web\workspace_intellij\demo\build\tmp\test\work -Dorg.gradle.native=false --add-opens=java.base/java.util=ALL-UNNAMED --add-opens=java.base/java.lang=ALL-UNNAMED -Xmx512m -Dfile.encoding=x-windows-949 -Duser.country=KR -Duser.language=ko -Duser.variant -ea worker.org.gradle.process.internal.worker.GradleWorkerMain 'Gradle Test Executor 6'

Host: Intel(R) Core(TM) i7-6700K CPU @ 4.00GHz, 8 cores, 15G,  Windows 10 , 64 bit Build 19041 (10.0.19041.1566)
Time: Sat Apr  9 12:06:30 2022 대한민국 표준시 elapsed time: 0.018365 seconds (0d 0h 0m 0s)

---------------  T H R E A D  ---------------

Current thread (0x000002adeeb36000):  JavaThread "Unknown thread" [_thread_in_vm, id=35428, stack(0x000000cf90f00000,0x000000cf91000000)]

Stack: [0x000000cf90f00000,0x000000cf91000000]
Native frames: (J=compiled Java code, j=interpreted, Vv=VM code, C=native code)
V  [jvm.dll+0x61e59a]
V  [jvm.dll+0x7aaca9]
V  [jvm.dll+0x7ac398]
V  [jvm.dll+0x7aca73]
V  [jvm.dll+0x24f9b8]
V  [jvm.dll+0x61b83a]
V  [jvm.dll+0x6100c5]
V  [jvm.dll+0x30772c]
V  [jvm.dll+0x3075b2]
V  [jvm.dll+0x30c2d6]
V  [jvm.dll+0x35272f]
V  [jvm.dll+0x352160]
V  [jvm.dll+0x2e4728]
V  [jvm.dll+0x2e5886]
V  [jvm.dll+0x784b07]
V  [jvm.dll+0x78628f]
V  [jvm.dll+0x35f479]
V  [jvm.dll+0x767aa0]
V  [jvm.dll+0x3ccf1f]
V  [jvm.dll+0x3cf2b1]
C  [jli.dll+0x5207]
C  [ucrtbase.dll+0x21bb2]
C  [KERNEL32.DLL+0x17034]
C  [ntdll.dll+0x52651]


---------------  P R O C E S S  ---------------

Threads class SMR info:
_java_thread_list=0x000002adec8f5430, length=0, elements={
}

Java Threads: ( => current thread )

Other Threads:
  0x000002adeeb4d800 GCTaskThread "GC Thread#0" [stack: 0x000000cf91000000,0x000000cf91100000] [id=30084]
  0x000002adeeb61800 ConcurrentGCThread "G1 Main Marker" [stack: 0x000000cf91100000,0x000000cf91200000] [id=32316]
  0x000002adeeb64000 ConcurrentGCThread "G1 Conc#0" [stack: 0x000000cf91200000,0x000000cf91300000] [id=38368]

[error occurred during error reporting (printing all threads), id 0xc0000005, EXCEPTION_ACCESS_VIOLATION (0xc0000005) at pc=0x00007ffaab2a3ef7]

VM state:not at safepoint (not fully initialized)

VM Mutex/Monitor currently owned by a thread:  ([mutex/lock_event])
[0x000002adeeb32f00] Heap_lock - owner thread: 0x000002adeeb36000

Heap address: 0x00000000e0000000, size: 512 MB, Compressed Oops mode: Non-zero based: 0x00000000e0000000
Narrow klass base: 0x0000000000000000, Narrow klass shift: 0

GC Heap History (0 events):
No events

Deoptimization events (0 events):
No events

Classes redefined (0 events):
No events

Internal exceptions (0 events):
No events

Events (1 events):
Event: 0.013 Loaded shared library C:\Program Files\Eclipse Adoptium\jdk-11.0.14.101-hotspot\bin\zip.dll


Dynamic libraries:
0x00007ff77ce40000 - 0x00007ff77ce4d000 	C:\Program Files\Eclipse Adoptium\jdk-11.0.14.101-hotspot\bin\java.exe
0x00007ffafeff0000 - 0x00007ffaff1e5000 	C:\WINDOWS\SYSTEM32\ntdll.dll
0x00007ffafe6a0000 - 0x00007ffafe75e000 	C:\WINDOWS\System32\KERNEL32.DLL
0x00007ffafcaa0000 - 0x00007ffafcd68000 	C:\WINDOWS\System32\KERNELBASE.dll
0x00007ffafce80000 - 0x00007ffafcf80000 	C:\WINDOWS\System32\ucrtbase.dll
0x00007ffaf3030000 - 0x00007ffaf3047000 	C:\Program Files\Eclipse Adoptium\jdk-11.0.14.101-hotspot\bin\jli.dll
0x00007ffaf2dc0000 - 0x00007ffaf2dd5000 	C:\Program Files\Eclipse Adoptium\jdk-11.0.14.101-hotspot\bin\VCRUNTIME140.dll
0x00007ffafee10000 - 0x00007ffafefb0000 	C:\WINDOWS\System32\USER32.dll
0x00007ffafd020000 - 0x00007ffafd042000 	C:\WINDOWS\System32\win32u.dll
0x00007ffae7660000 - 0x00007ffae78fa000 	C:\WINDOWS\WinSxS\amd64_microsoft.windows.common-controls_6595b64144ccf1df_6.0.19041.1110_none_60b5254171f9507e\COMCTL32.dll
0x00007ffafd050000 - 0x00007ffafd07b000 	C:\WINDOWS\System32\GDI32.dll
0x00007ffafcd70000 - 0x00007ffafce7b000 	C:\WINDOWS\System32\gdi32full.dll
0x00007ffafe760000 - 0x00007ffafe7fe000 	C:\WINDOWS\System32\msvcrt.dll
0x00007ffafca00000 - 0x00007ffafca9d000 	C:\WINDOWS\System32\msvcp_win.dll
0x00007ffafd670000 - 0x00007ffafd6a0000 	C:\WINDOWS\System32\IMM32.DLL
0x00007ffaedf30000 - 0x00007ffaedfcb000 	C:\Program Files\Eclipse Adoptium\jdk-11.0.14.101-hotspot\bin\msvcp140.dll
0x00007ffaaafb0000 - 0x00007ffaabb31000 	C:\Program Files\Eclipse Adoptium\jdk-11.0.14.101-hotspot\bin\server\jvm.dll
0x00007ffafd080000 - 0x00007ffafd12e000 	C:\WINDOWS\System32\ADVAPI32.dll
0x00007ffafdb10000 - 0x00007ffafdbac000 	C:\WINDOWS\System32\sechost.dll
0x00007ffafdd60000 - 0x00007ffafde85000 	C:\WINDOWS\System32\RPCRT4.dll
0x00007ffafdce0000 - 0x00007ffafdce8000 	C:\WINDOWS\System32\PSAPI.DLL
0x00007ffaf8660000 - 0x00007ffaf8669000 	C:\WINDOWS\SYSTEM32\WSOCK32.dll
0x00007ffaecf00000 - 0x00007ffaecf27000 	C:\WINDOWS\SYSTEM32\WINMM.dll
0x00007ffaf62a0000 - 0x00007ffaf62aa000 	C:\WINDOWS\SYSTEM32\VERSION.dll
0x00007ffafdcf0000 - 0x00007ffafdd5b000 	C:\WINDOWS\System32\WS2_32.dll
0x00007ffafa640000 - 0x00007ffafa652000 	C:\WINDOWS\SYSTEM32\kernel.appcore.dll
0x00007ffaf36f0000 - 0x00007ffaf3700000 	C:\Program Files\Eclipse Adoptium\jdk-11.0.14.101-hotspot\bin\verify.dll
0x00007ffae1860000 - 0x00007ffae1a44000 	C:\WINDOWS\SYSTEM32\DBGHELP.DLL
0x00007ffadf410000 - 0x00007ffadf43c000 	C:\WINDOWS\SYSTEM32\dbgcore.DLL
0x00007ffafc970000 - 0x00007ffafc9f2000 	C:\WINDOWS\System32\bcryptPrimitives.dll
0x00007ffaf2270000 - 0x00007ffaf2298000 	C:\Program Files\Eclipse Adoptium\jdk-11.0.14.101-hotspot\bin\java.dll
0x00007ffaf32e0000 - 0x00007ffaf32ea000 	C:\Program Files\Eclipse Adoptium\jdk-11.0.14.101-hotspot\bin\jimage.dll
0x00007ffaf2a80000 - 0x00007ffaf2a98000 	C:\Program Files\Eclipse Adoptium\jdk-11.0.14.101-hotspot\bin\zip.dll

dbghelp: loaded successfully - version: 4.0.5 - missing functions: none
symbol engine: initialized successfully - sym options: 0x614 - pdb path: .;C:\Program Files\Eclipse Adoptium\jdk-11.0.14.101-hotspot\bin;C:\WINDOWS\SYSTEM32;C:\WINDOWS\WinSxS\amd64_microsoft.windows.common-controls_6595b64144ccf1df_6.0.19041.1110_none_60b5254171f9507e;C:\Program Files\Eclipse Adoptium\jdk-11.0.14.101-hotspot\bin\server

VM Arguments:
jvm_args: -Dorg.gradle.internal.worker.tmpdir=E:\Project\eclipse-web\workspace_intellij\demo\build\tmp\test\work -Dorg.gradle.native=false --add-opens=java.base/java.util=ALL-UNNAMED --add-opens=java.base/java.lang=ALL-UNNAMED -Xmx512m -Dfile.encoding=x-windows-949 -Duser.country=KR -Duser.language=ko -Duser.variant -ea 
java_command: worker.org.gradle.process.internal.worker.GradleWorkerMain 'Gradle Test Executor 6'
java_class_path (initial): C:\\Users\\upgleman_B202\\.gradle\\caches\\7.4.1\\workerMain\\gradle-worker.jar;E:\\Project\\eclipse-web\\workspace_intellij\\demo\\build\\classes\\java\\test;E:\\Project\\eclipse-web\\workspace_intellij\\demo\\build\\classes\\java\\main;E:\\Project\\eclipse-web\\workspace_intellij\\demo\\build\\resources\\main;C:\\Users\\upgleman_B202\\.gradle\\caches\\modules-2\\files-2.1\\org.springframework.boot\\spring-boot-starter-thymeleaf\\2.6.4\\eb6a670880be2a1522c441274dab9092dd448c0c\\spring-boot-starter-thymeleaf-2.6.4.jar;C:\\Users\\upgleman_B202\\.gradle\\caches\\modules-2\\files-2.1\\org.springframework.boot\\spring-boot-starter-web\\2.6.4\\4aa74a41a8ff99e256433805b0ee63a6053d6b6c\\spring-boot-starter-web-2.6.4.jar;C:\\Users\\upgleman_B202\\.gradle\\caches\\modules-2\\files-2.1\\org.springframework.boot\\spring-boot-starter-jdbc\\2.6.4\\19047bf41d1f01a3b5e82f90ac77dceefadda943\\spring-boot-starter-jdbc-2.6.4.jar;C:\\Users\\upgleman_B202\\.gradle\\caches\\modules-2\\files-2.1\\com.h2database\\h2\\1.4.200\\f7533fe7cb8e99c87a43d325a77b4b678ad9031a\\h2-1.4.200.jar;C:\\Users\\upgleman_B202\\.gradle\\caches\\modules-2\\files-2.1\\org.springframework.boot\\spring-boot-starter-test\\2.6.4\\4befb5f23c4bac74125d1c9e4f3721586b315d3a\\spring-boot-starter-test-2.6.4.jar;C:\\Users\\upgleman_B202\\.gradle\\caches\\modules-2\\files-2.1\\org.springframework.boot\\spring-boot-starter-json\\2.6.4\\9aa13f5bd6e09510d89ec3874118f027613a9565\\spring-boot-starter-json-2.6.4.jar;C:\\Users\\upgleman_B202\\.gradle\\caches\\modules-2\\files-2.1\\org.springframework.boot\\spring-boot-starter\\2.6.4\\31adf5f726b6a5703815b99056110b96db7eff58\\spring-boot-starter-2.6.4.jar;C:\\Users\\upgleman_B202\\.gradle\\caches\\modules-2\\files-2.1\\org.thymeleaf\\thymeleaf-spring5\\3.0.15.RELEASE\\7170e1bcd1588d38c139f7048ebcc262676441c3\\thymeleaf-spring5-3.0.15.RELEASE.jar;C:\\Users\\upgleman_B202\\.gradle\\caches\\modules-2\\files-2.1\\org.thymeleaf.extras\\thymeleaf-extras-java8
Launcher Type: SUN_STANDARD

[Global flags]
     intx CICompilerCount                          = 4                                         {product} {ergonomic}
     uint ConcGCThreads                            = 2                                         {product} {ergonomic}
     uint G1ConcRefinementThreads                  = 8                                         {product} {ergonomic}
   size_t G1HeapRegionSize                         = 1048576                                   {product} {ergonomic}
    uintx GCDrainStackTargetSize                   = 64                                        {product} {ergonomic}
   size_t InitialHeapSize                          = 266338304                                 {product} {ergonomic}
   size_t MarkStackSize                            = 4194304                                   {product} {ergonomic}
   size_t MaxHeapSize                              = 536870912                                 {product} {command line}
   size_t MinHeapDeltaBytes                        = 1048576                                   {product} {ergonomic}
    uintx NonNMethodCodeHeapSize                   = 5836300                                {pd product} {ergonomic}
    uintx NonProfiledCodeHeapSize                  = 122910970                              {pd product} {ergonomic}
    uintx ProfiledCodeHeapSize                     = 122910970                              {pd product} {ergonomic}
    uintx ReservedCodeCacheSize                    = 251658240                              {pd product} {ergonomic}
     bool SegmentedCodeCache                       = true                                      {product} {ergonomic}
     bool UseCompressedClassPointers               = true                                 {lp64_product} {ergonomic}
     bool UseCompressedOops                        = true                                 {lp64_product} {ergonomic}
     bool UseG1GC                                  = true                                      {product} {ergonomic}
     bool UseLargePagesIndividualAllocation        = false                                  {pd product} {ergonomic}

Logging:
Log output configuration:
 #0: stdout all=warning uptime,level,tags
 #1: stderr all=off uptime,level,tags

Environment Variables:
PATH=C:\Program Files\Eclipse Adoptium\jdk-11.0.14.101-hotspot\bin;C:\Program Files\Common Files\Oracle\Java\javapath;C:\Program Files (x86)\Common Files\Oracle\Java\javapath;C:\Program Files (x86)\Intel\iCLS Client\;C:\Program Files\Intel\iCLS Client\;C:\WINDOWS\system32;C:\WINDOWS;C:\WINDOWS\System32\Wbem;C:\WINDOWS\System32\WindowsPowerShell\v1.0\;C:\Program Files (x86)\Intel\Intel(R) Management Engine Components\DAL;C:\Program Files\Intel\Intel(R) Management Engine Components\DAL;C:\Program Files (x86)\Intel\Intel(R) Management Engine Components\IPT;C:\Program Files\Intel\Intel(R) Management Engine Components\IPT;C:\WINDOWS\System32\OpenSSH\;C:\Users\upgleman_B202\.dnx\bin;C:\Program Files\Microsoft DNX\Dnvm\;C:\Program Files\Microsoft SQL Server\130\Tools\Binn\;C:\Program Files (x86)\NVIDIA Corporation\PhysX\Common;C:\Program Files\NVIDIA Corporation\NVIDIA NvDLISR;C:\Program Files\dotnet\;C:\MinGW\bin;C:\WINDOWS\system32;C:\WINDOWS;C:\WINDOWS\System32\Wbem;C:\WINDOWS\System32\WindowsPowerShell\v1.0\;C:\WINDOWS\System32\OpenSSH\;C:\platform-tools\;C:\Program Files\Git\cmd;C:\Users\upgleman_B202\AppData\Local\Microsoft\WindowsApps;C:\Program Files\Bandizip\;C:\Users\upgleman_B202\.dotnet\tools;C:\Users\upgleman_B202\AppData\Local\Programs\Microsoft VS Code\bin;C:\MinGW\bin;;C:\Program Files\JetBrains\IntelliJ IDEA Community Edition 2021.3.3\bin;;C:\Program Files (x86)\ESTsoft\ALSee\x64
USERNAME=upgleman_B202
OS=Windows_NT
PROCESSOR_IDENTIFIER=Intel64 Family 6 Model 94 Stepping 3, GenuineIntel



---------------  S Y S T E M  ---------------

OS: Windows 10 , 64 bit Build 19041 (10.0.19041.1566)
OS uptime: 18 days 3:23 hours

CPU:total 8 (initial active 8) (4 cores per cpu, 2 threads per core) family 6 model 94 stepping 3 microcode 0xcc, cmov, cx8, fxsr, mmx, sse, sse2, sse3, ssse3, sse4.1, sse4.2, popcnt, avx, avx2, aes, clmul, erms, rtm, 3dnowpref, lzcnt, ht, tsc, tscinvbit, bmi1, bmi2, adx, fma

Memory: 4k page, system-wide physical 16250M (6668M free)
TotalPageFile size 43576M (AvailPageFile size 117M)
current process WorkingSet (physical memory assigned to process): 10M, peak: 10M
current process commit charge ("private bytes"): 59M, peak: 313M

vm_info: OpenJDK 64-Bit Server VM (11.0.14.1+1) for windows-amd64 JRE (11.0.14.1+1), built on Feb  9 2022 01:48:27 by "" with unknown MS VC++:1916

END.
